<p>
  <ac:structured-macro ac:name="zabbix-host-selector" ac:schema-version="1">
    <ac:parameter ac:name="server">${ZABBIX_SERVER_ID}</ac:parameter>
    <ac:parameter ac:name="host">oracle-prod</ac:parameter>
  </ac:structured-macro>
</p>
<p>
  <ac:structured-macro ac:name="zabbix-triggers" ac:schema-version="1"/>
</p>
