<p>
  <ac:structured-macro ac:name="zabbix-map" ac:schema-version="1">
    <ac:parameter ac:name="server">${ZABBIX_SERVER_ID}</ac:parameter>
    <ac:parameter ac:name="map">Local network</ac:parameter>
  </ac:structured-macro>
</p>
